{"C:\\Users\\leo19\\Documents\\tecky-project2\\Tecky-project-3\\Controller\\userController.ts": {"path":"C:\\Users\\leo19\\Documents\\tecky-project2\\Tecky-project-3\\Controller\\userController.ts","statementMap":{"0":{"start":{"line":3,"column":0},"end":{"line":3,"column":60}},"1":{"start":{"line":4,"column":0},"end":{"line":4,"column":58}},"2":{"start":{"line":5,"column":0},"end":{"line":5,"column":39}},"3":{"start":{"line":6,"column":0},"end":{"line":6,"column":27}},"4":{"start":{"line":14,"column":0},"end":{"line":14,"column":13}},"5":{"start":{"line":15,"column":4},"end":{"line":15,"column":24}},"6":{"start":{"line":15,"column":24},"end":{"line":15,"column":48}},"7":{"start":{"line":17,"column":4},"end":{"line":28,"column":null}},"8":{"start":{"line":17,"column":63},"end":{"line":28,"column":null}},"9":{"start":{"line":18,"column":8},"end":{"line":23,"column":null}},"10":{"start":{"line":19,"column":12},"end":{"line":21,"column":null}},"11":{"start":{"line":22,"column":12},"end":{"line":22,"column":18}},"12":{"start":{"line":24,"column":8},"end":{"line":27,"column":null}},"13":{"start":{"line":30,"column":4},"end":{"line":39,"column":null}},"14":{"start":{"line":30,"column":66},"end":{"line":39,"column":null}},"15":{"start":{"line":31,"column":8},"end":{"line":36,"column":null}},"16":{"start":{"line":32,"column":12},"end":{"line":34,"column":null}},"17":{"start":{"line":35,"column":12},"end":{"line":35,"column":18}},"18":{"start":{"line":37,"column":14},"end":{"line":37,"column":46}},"19":{"start":{"line":38,"column":8},"end":{"line":38,"column":null}},"20":{"start":{"line":40,"column":4},"end":{"line":82,"column":null}},"21":{"start":{"line":40,"column":63},"end":{"line":82,"column":null}},"22":{"start":{"line":42,"column":36},"end":{"line":42,"column":null}},"23":{"start":{"line":42,"column":16},"end":{"line":42,"column":36}},"24":{"start":{"line":43,"column":12},"end":{"line":48,"column":null}},"25":{"start":{"line":44,"column":16},"end":{"line":46,"column":null}},"26":{"start":{"line":47,"column":16},"end":{"line":47,"column":22}},"27":{"start":{"line":49,"column":16},"end":{"line":49,"column":null}},"28":{"start":{"line":50,"column":16},"end":{"line":50,"column":null}},"29":{"start":{"line":51,"column":29},"end":{"line":51,"column":78}},"30":{"start":{"line":51,"column":16},"end":{"line":51,"column":null}},"31":{"start":{"line":52,"column":12},"end":{"line":57,"column":null}},"32":{"start":{"line":53,"column":16},"end":{"line":55,"column":null}},"33":{"start":{"line":56,"column":16},"end":{"line":56,"column":22}},"34":{"start":{"line":58,"column":32},"end":{"line":58,"column":null}},"35":{"start":{"line":58,"column":16},"end":{"line":58,"column":null}},"36":{"start":{"line":59,"column":12},"end":{"line":64,"column":null}},"37":{"start":{"line":60,"column":16},"end":{"line":62,"column":null}},"38":{"start":{"line":63,"column":16},"end":{"line":63,"column":22}},"39":{"start":{"line":66,"column":16},"end":{"line":66,"column":null}},"40":{"start":{"line":68,"column":33},"end":{"line":68,"column":null}},"41":{"start":{"line":68,"column":16},"end":{"line":68,"column":null}},"42":{"start":{"line":69,"column":23},"end":{"line":69,"column":null}},"43":{"start":{"line":69,"column":16},"end":{"line":69,"column":null}},"44":{"start":{"line":70,"column":12},"end":{"line":70,"column":null}},"45":{"start":{"line":71,"column":12},"end":{"line":71,"column":null}},"46":{"start":{"line":72,"column":12},"end":{"line":74,"column":null}},"47":{"start":{"line":76,"column":12},"end":{"line":76,"column":null}},"48":{"start":{"line":77,"column":12},"end":{"line":79,"column":null}},"49":{"start":{"line":83,"column":4},"end":{"line":113,"column":null}},"50":{"start":{"line":83,"column":62},"end":{"line":113,"column":null}},"51":{"start":{"line":85,"column":16},"end":{"line":85,"column":42}},"52":{"start":{"line":86,"column":28},"end":{"line":86,"column":null}},"53":{"start":{"line":86,"column":16},"end":{"line":86,"column":null}},"54":{"start":{"line":87,"column":12},"end":{"line":92,"column":null}},"55":{"start":{"line":88,"column":16},"end":{"line":90,"column":null}},"56":{"start":{"line":91,"column":16},"end":{"line":91,"column":22}},"57":{"start":{"line":93,"column":16},"end":{"line":93,"column":null}},"58":{"start":{"line":94,"column":34},"end":{"line":94,"column":null}},"59":{"start":{"line":94,"column":16},"end":{"line":94,"column":null}},"60":{"start":{"line":95,"column":12},"end":{"line":100,"column":null}},"61":{"start":{"line":96,"column":16},"end":{"line":98,"column":null}},"62":{"start":{"line":99,"column":16},"end":{"line":99,"column":22}},"63":{"start":{"line":101,"column":12},"end":{"line":101,"column":null}},"64":{"start":{"line":102,"column":12},"end":{"line":102,"column":null}},"65":{"start":{"line":103,"column":12},"end":{"line":105,"column":null}},"66":{"start":{"line":108,"column":12},"end":{"line":108,"column":null}},"67":{"start":{"line":109,"column":12},"end":{"line":111,"column":null}},"68":{"start":{"line":114,"column":4},"end":{"line":137,"column":null}},"69":{"start":{"line":114,"column":68},"end":{"line":137,"column":null}},"70":{"start":{"line":115,"column":14},"end":{"line":115,"column":73}},"71":{"start":{"line":116,"column":25},"end":{"line":121,"column":null}},"72":{"start":{"line":116,"column":14},"end":{"line":121,"column":null}},"73":{"start":{"line":122,"column":21},"end":{"line":122,"column":null}},"74":{"start":{"line":122,"column":12},"end":{"line":122,"column":null}},"75":{"start":{"line":123,"column":8},"end":{"line":123,"column":28}},"76":{"start":{"line":124,"column":12},"end":{"line":124,"column":null}},"77":{"start":{"line":125,"column":29},"end":{"line":125,"column":null}},"78":{"start":{"line":125,"column":12},"end":{"line":125,"column":null}},"79":{"start":{"line":126,"column":12},"end":{"line":126,"column":null}},"80":{"start":{"line":127,"column":12},"end":{"line":127,"column":null}},"81":{"start":{"line":128,"column":26},"end":{"line":128,"column":null}},"82":{"start":{"line":128,"column":14},"end":{"line":128,"column":null}},"83":{"start":{"line":129,"column":8},"end":{"line":129,"column":null}},"84":{"start":{"line":130,"column":12},"end":{"line":130,"column":13}},"85":{"start":{"line":132,"column":23},"end":{"line":132,"column":null}},"86":{"start":{"line":132,"column":16},"end":{"line":132,"column":null}},"87":{"start":{"line":133,"column":12},"end":{"line":133,"column":null}},"88":{"start":{"line":134,"column":12},"end":{"line":134,"column":null}},"89":{"start":{"line":136,"column":8},"end":{"line":136,"column":null}},"90":{"start":{"line":138,"column":4},"end":{"line":149,"column":null}},"91":{"start":{"line":138,"column":63},"end":{"line":149,"column":null}},"92":{"start":{"line":139,"column":8},"end":{"line":144,"column":null}},"93":{"start":{"line":140,"column":12},"end":{"line":142,"column":null}},"94":{"start":{"line":143,"column":12},"end":{"line":143,"column":18}},"95":{"start":{"line":145,"column":8},"end":{"line":145,"column":null}},"96":{"start":{"line":146,"column":8},"end":{"line":148,"column":null}},"97":{"start":{"line":150,"column":4},"end":{"line":174,"column":null}},"98":{"start":{"line":150,"column":71},"end":{"line":174,"column":null}},"99":{"start":{"line":151,"column":12},"end":{"line":151,"column":50}},"100":{"start":{"line":152,"column":29},"end":{"line":152,"column":null}},"101":{"start":{"line":152,"column":12},"end":{"line":152,"column":null}},"102":{"start":{"line":153,"column":8},"end":{"line":158,"column":null}},"103":{"start":{"line":154,"column":12},"end":{"line":156,"column":null}},"104":{"start":{"line":157,"column":12},"end":{"line":157,"column":18}},"105":{"start":{"line":159,"column":12},"end":{"line":159,"column":null}},"106":{"start":{"line":160,"column":12},"end":{"line":160,"column":null}},"107":{"start":{"line":161,"column":24},"end":{"line":161,"column":null}},"108":{"start":{"line":161,"column":12},"end":{"line":161,"column":null}},"109":{"start":{"line":163,"column":30},"end":{"line":163,"column":null}},"110":{"start":{"line":163,"column":12},"end":{"line":163,"column":null}},"111":{"start":{"line":164,"column":8},"end":{"line":169,"column":null}},"112":{"start":{"line":165,"column":12},"end":{"line":167,"column":null}},"113":{"start":{"line":168,"column":12},"end":{"line":168,"column":18}},"114":{"start":{"line":170,"column":8},"end":{"line":170,"column":null}},"115":{"start":{"line":171,"column":8},"end":{"line":173,"column":null}},"116":{"start":{"line":175,"column":0},"end":{"line":175,"column":null}},"117":{"start":{"line":14,"column":13},"end":{"line":14,"column":27}}},"fnMap":{"0":{"name":"(anonymous_14)","decl":{"start":{"line":14,"column":0},"end":{"line":14,"column":13}},"loc":{"start":{"line":14,"column":0},"end":{"line":175,"column":null}}},"1":{"name":"UserController","decl":{"start":{"line":15,"column":4},"end":{"line":15,"column":24}},"loc":{"start":{"line":15,"column":48},"end":{"line":15,"column":53}}},"2":{"name":"(anonymous_16)","decl":{"start":{"line":17,"column":13},"end":{"line":17,"column":20}},"loc":{"start":{"line":17,"column":63},"end":{"line":28,"column":null}}},"3":{"name":"(anonymous_17)","decl":{"start":{"line":17,"column":63},"end":{"line":17,"column":null}},"loc":{"start":{"line":17,"column":63},"end":{"line":28,"column":null}}},"4":{"name":"(anonymous_19)","decl":{"start":{"line":30,"column":16},"end":{"line":30,"column":23}},"loc":{"start":{"line":30,"column":66},"end":{"line":39,"column":null}}},"5":{"name":"(anonymous_20)","decl":{"start":{"line":30,"column":66},"end":{"line":30,"column":null}},"loc":{"start":{"line":30,"column":66},"end":{"line":39,"column":null}}},"6":{"name":"(anonymous_22)","decl":{"start":{"line":40,"column":13},"end":{"line":40,"column":20}},"loc":{"start":{"line":40,"column":63},"end":{"line":82,"column":null}}},"7":{"name":"(anonymous_23)","decl":{"start":{"line":40,"column":63},"end":{"line":40,"column":null}},"loc":{"start":{"line":40,"column":63},"end":{"line":82,"column":null}}},"8":{"name":"(anonymous_25)","decl":{"start":{"line":83,"column":12},"end":{"line":83,"column":19}},"loc":{"start":{"line":83,"column":62},"end":{"line":113,"column":null}}},"9":{"name":"(anonymous_26)","decl":{"start":{"line":83,"column":62},"end":{"line":83,"column":null}},"loc":{"start":{"line":83,"column":62},"end":{"line":113,"column":null}}},"10":{"name":"(anonymous_28)","decl":{"start":{"line":114,"column":18},"end":{"line":114,"column":25}},"loc":{"start":{"line":114,"column":68},"end":{"line":137,"column":null}}},"11":{"name":"(anonymous_29)","decl":{"start":{"line":114,"column":68},"end":{"line":114,"column":null}},"loc":{"start":{"line":114,"column":68},"end":{"line":137,"column":null}}},"12":{"name":"(anonymous_31)","decl":{"start":{"line":138,"column":13},"end":{"line":138,"column":20}},"loc":{"start":{"line":138,"column":63},"end":{"line":149,"column":null}}},"13":{"name":"(anonymous_32)","decl":{"start":{"line":138,"column":63},"end":{"line":138,"column":null}},"loc":{"start":{"line":138,"column":63},"end":{"line":149,"column":null}}},"14":{"name":"(anonymous_34)","decl":{"start":{"line":150,"column":21},"end":{"line":150,"column":28}},"loc":{"start":{"line":150,"column":71},"end":{"line":174,"column":null}}},"15":{"name":"(anonymous_35)","decl":{"start":{"line":150,"column":71},"end":{"line":150,"column":null}},"loc":{"start":{"line":150,"column":71},"end":{"line":174,"column":null}}}},"branchMap":{"0":{"loc":{"start":{"line":18,"column":8},"end":{"line":23,"column":null}},"type":"if","locations":[{"start":{"line":18,"column":8},"end":{"line":23,"column":null}}]},"1":{"loc":{"start":{"line":31,"column":8},"end":{"line":36,"column":null}},"type":"if","locations":[{"start":{"line":31,"column":8},"end":{"line":36,"column":null}}]},"2":{"loc":{"start":{"line":43,"column":12},"end":{"line":48,"column":null}},"type":"if","locations":[{"start":{"line":43,"column":12},"end":{"line":48,"column":null}}]},"3":{"loc":{"start":{"line":43,"column":16},"end":{"line":43,"column":33}},"type":"binary-expr","locations":[{"start":{"line":43,"column":16},"end":{"line":43,"column":22}},{"start":{"line":43,"column":26},"end":{"line":43,"column":33}}]},"4":{"loc":{"start":{"line":52,"column":12},"end":{"line":57,"column":null}},"type":"if","locations":[{"start":{"line":52,"column":12},"end":{"line":57,"column":null}}]},"5":{"loc":{"start":{"line":59,"column":12},"end":{"line":64,"column":null}},"type":"if","locations":[{"start":{"line":59,"column":12},"end":{"line":64,"column":null}}]},"6":{"loc":{"start":{"line":66,"column":27},"end":{"line":66,"column":72}},"type":"cond-expr","locations":[{"start":{"line":66,"column":41},"end":{"line":66,"column":67}},{"start":{"line":66,"column":70},"end":{"line":66,"column":72}}]},"7":{"loc":{"start":{"line":87,"column":12},"end":{"line":92,"column":null}},"type":"if","locations":[{"start":{"line":87,"column":12},"end":{"line":92,"column":null}}]},"8":{"loc":{"start":{"line":95,"column":12},"end":{"line":100,"column":null}},"type":"if","locations":[{"start":{"line":95,"column":12},"end":{"line":100,"column":null}}]},"9":{"loc":{"start":{"line":115,"column":28},"end":{"line":115,"column":72}},"type":"cond-expr","locations":[{"start":{"line":115,"column":39},"end":{"line":115,"column":42}},{"start":{"line":115,"column":39},"end":{"line":115,"column":72}}]},"10":{"loc":{"start":{"line":115,"column":28},"end":{"line":115,"column":42}},"type":"binary-expr","locations":[{"start":{"line":115,"column":28},"end":{"line":115,"column":42}},{"start":{"line":115,"column":39},"end":{"line":115,"column":42}}]},"11":{"loc":{"start":{"line":130,"column":12},"end":{"line":130,"column":13}},"type":"if","locations":[{"start":{"line":130,"column":12},"end":{"line":130,"column":13}}]},"12":{"loc":{"start":{"line":139,"column":8},"end":{"line":144,"column":null}},"type":"if","locations":[{"start":{"line":139,"column":8},"end":{"line":144,"column":null}}]},"13":{"loc":{"start":{"line":153,"column":8},"end":{"line":158,"column":null}},"type":"if","locations":[{"start":{"line":153,"column":8},"end":{"line":158,"column":null}}]},"14":{"loc":{"start":{"line":164,"column":8},"end":{"line":169,"column":null}},"type":"if","locations":[{"start":{"line":164,"column":8},"end":{"line":169,"column":null}}]}},"s":{"0":1,"1":1,"2":1,"3":1,"4":1,"5":1,"6":1,"7":1,"8":1,"9":1,"10":0,"11":0,"12":0,"13":1,"14":0,"15":0,"16":0,"17":0,"18":0,"19":0,"20":1,"21":0,"22":0,"23":0,"24":0,"25":0,"26":0,"27":0,"28":0,"29":0,"30":0,"31":0,"32":0,"33":0,"34":0,"35":0,"36":0,"37":0,"38":0,"39":0,"40":0,"41":0,"42":0,"43":0,"44":0,"45":0,"46":0,"47":0,"48":0,"49":1,"50":0,"51":0,"52":0,"53":0,"54":0,"55":0,"56":0,"57":0,"58":0,"59":0,"60":0,"61":0,"62":0,"63":0,"64":0,"65":0,"66":0,"67":0,"68":1,"69":0,"70":0,"71":0,"72":0,"73":0,"74":0,"75":0,"76":0,"77":0,"78":0,"79":0,"80":0,"81":0,"82":0,"83":0,"84":0,"85":0,"86":0,"87":0,"88":0,"89":0,"90":1,"91":0,"92":0,"93":0,"94":0,"95":0,"96":0,"97":1,"98":0,"99":0,"100":0,"101":0,"102":0,"103":0,"104":0,"105":0,"106":0,"107":0,"108":0,"109":0,"110":0,"111":0,"112":0,"113":0,"114":0,"115":0,"116":1,"117":1},"f":{"0":1,"1":1,"2":1,"3":1,"4":0,"5":0,"6":0,"7":0,"8":0,"9":0,"10":0,"11":0,"12":0,"13":0,"14":0,"15":0},"b":{"0":[0],"1":[0],"2":[0],"3":[0,0],"4":[0],"5":[0],"6":[0,0],"7":[0],"8":[0],"9":[0,0],"10":[0,0],"11":[0],"12":[0],"13":[0],"14":[0]}}
,"C:\\Users\\leo19\\Documents\\tecky-project2\\Tecky-project-3\\Service\\userService.ts": {"path":"C:\\Users\\leo19\\Documents\\tecky-project2\\Tecky-project-3\\Service\\userService.ts","statementMap":{"0":{"start":{"line":4,"column":0},"end":{"line":4,"column":13}},"1":{"start":{"line":5,"column":24},"end":{"line":5,"column":34}},"2":{"start":{"line":7,"column":10},"end":{"line":10,"column":null}},"3":{"start":{"line":8,"column":25},"end":{"line":8,"column":97}},"4":{"start":{"line":8,"column":12},"end":{"line":8,"column":null}},"5":{"start":{"line":9,"column":8},"end":{"line":9,"column":null}},"6":{"start":{"line":12,"column":10},"end":{"line":15,"column":null}},"7":{"start":{"line":13,"column":29},"end":{"line":13,"column":107}},"8":{"start":{"line":13,"column":12},"end":{"line":13,"column":null}},"9":{"start":{"line":14,"column":8},"end":{"line":14,"column":null}},"10":{"start":{"line":17,"column":10},"end":{"line":26,"column":null}},"11":{"start":{"line":18,"column":20},"end":{"line":24,"column":10}},"12":{"start":{"line":18,"column":12},"end":{"line":24,"column":null}},"13":{"start":{"line":25,"column":8},"end":{"line":25,"column":null}},"14":{"start":{"line":27,"column":10},"end":{"line":29,"column":null}},"15":{"start":{"line":28,"column":8},"end":{"line":28,"column":null}},"16":{"start":{"line":30,"column":0},"end":{"line":30,"column":null}},"17":{"start":{"line":4,"column":13},"end":{"line":4,"column":24}}},"fnMap":{"0":{"name":"(anonymous_13)","decl":{"start":{"line":4,"column":0},"end":{"line":4,"column":13}},"loc":{"start":{"line":4,"column":0},"end":{"line":30,"column":null}}},"1":{"name":"UserService","decl":{"start":{"line":5,"column":4},"end":{"line":5,"column":24}},"loc":{"start":{"line":5,"column":34},"end":{"line":5,"column":39}}},"2":{"name":"(anonymous_15)","decl":{"start":{"line":7,"column":4},"end":{"line":7,"column":10}},"loc":{"start":{"line":7,"column":42},"end":{"line":10,"column":null}}},"3":{"name":"(anonymous_18)","decl":{"start":{"line":12,"column":4},"end":{"line":12,"column":10}},"loc":{"start":{"line":12,"column":48},"end":{"line":15,"column":null}}},"4":{"name":"(anonymous_21)","decl":{"start":{"line":17,"column":4},"end":{"line":17,"column":10}},"loc":{"start":{"line":17,"column":98},"end":{"line":26,"column":null}}},"5":{"name":"(anonymous_24)","decl":{"start":{"line":27,"column":4},"end":{"line":27,"column":10}},"loc":{"start":{"line":27,"column":66},"end":{"line":29,"column":null}}}},"branchMap":{"0":{"loc":{"start":{"line":8,"column":25},"end":{"line":8,"column":97}},"type":"switch","locations":[{"start":{"line":8,"column":25},"end":{"line":8,"column":97}}]},"1":{"loc":{"start":{"line":13,"column":29},"end":{"line":13,"column":107}},"type":"switch","locations":[{"start":{"line":13,"column":29},"end":{"line":13,"column":107}}]},"2":{"loc":{"start":{"line":18,"column":20},"end":{"line":24,"column":10}},"type":"switch","locations":[{"start":{"line":18,"column":20},"end":{"line":24,"column":10}}]},"3":{"loc":{"start":{"line":28,"column":8},"end":{"line":28,"column":null}},"type":"switch","locations":[{"start":{"line":28,"column":8},"end":{"line":28,"column":null}}]}},"s":{"0":1,"1":1,"2":1,"3":0,"4":0,"5":0,"6":1,"7":0,"8":0,"9":0,"10":1,"11":0,"12":0,"13":0,"14":1,"15":0,"16":1,"17":1},"f":{"0":1,"1":1,"2":0,"3":0,"4":0,"5":0},"b":{"0":[0],"1":[0],"2":[0],"3":[0]}}
,"C:\\Users\\leo19\\Documents\\tecky-project2\\Tecky-project-3\\util\\bcrypt.ts": {"path":"C:\\Users\\leo19\\Documents\\tecky-project2\\Tecky-project-3\\util\\bcrypt.ts","statementMap":{"0":{"start":{"line":1,"column":0},"end":{"line":1,"column":35}},"1":{"start":{"line":3,"column":20},"end":{"line":3,"column":21}},"2":{"start":{"line":6,"column":25},"end":{"line":6,"column":null}},"3":{"start":{"line":6,"column":10},"end":{"line":6,"column":null}},"4":{"start":{"line":7,"column":4},"end":{"line":7,"column":16}},"5":{"start":{"line":5,"column":0},"end":{"line":5,"column":22}},"6":{"start":{"line":14,"column":31},"end":{"line":17,"column":null}},"7":{"start":{"line":14,"column":10},"end":{"line":17,"column":null}},"8":{"start":{"line":18,"column":4},"end":{"line":18,"column":21}},"9":{"start":{"line":10,"column":0},"end":{"line":10,"column":22}}},"fnMap":{"0":{"name":"hashPassword","decl":{"start":{"line":5,"column":22},"end":{"line":5,"column":34}},"loc":{"start":{"line":5,"column":56},"end":{"line":8,"column":null}}},"1":{"name":"checkPassword","decl":{"start":{"line":10,"column":22},"end":{"line":10,"column":35}},"loc":{"start":{"line":12,"column":26},"end":{"line":19,"column":null}}}},"branchMap":{"0":{"loc":{"start":{"line":6,"column":25},"end":{"line":6,"column":null}},"type":"switch","locations":[{"start":{"line":6,"column":25},"end":{"line":6,"column":null}}]},"1":{"loc":{"start":{"line":14,"column":31},"end":{"line":17,"column":null}},"type":"switch","locations":[{"start":{"line":14,"column":31},"end":{"line":17,"column":null}}]}},"s":{"0":1,"1":1,"2":0,"3":0,"4":0,"5":1,"6":0,"7":0,"8":0,"9":1},"f":{"0":0,"1":0},"b":{"0":[0],"1":[0]}}
,"C:\\Users\\leo19\\Documents\\tecky-project2\\Tecky-project-3\\util\\formidable.ts": {"path":"C:\\Users\\leo19\\Documents\\tecky-project2\\Tecky-project-3\\util\\formidable.ts","statementMap":{"0":{"start":{"line":2,"column":0},"end":{"line":2,"column":35}},"1":{"start":{"line":3,"column":13},"end":{"line":3,"column":null}},"2":{"start":{"line":5,"column":13},"end":{"line":17,"column":3}},"3":{"start":{"line":10,"column":19},"end":{"line":10,"column":null}},"4":{"start":{"line":12,"column":18},"end":{"line":12,"column":63}},"5":{"start":{"line":13,"column":18},"end":{"line":13,"column":28}},"6":{"start":{"line":14,"column":12},"end":{"line":14,"column":43}},"7":{"start":{"line":15,"column":2},"end":{"line":15,"column":44}},"8":{"start":{"line":19,"column":1},"end":{"line":27,"column":4}},"9":{"start":{"line":20,"column":2},"end":{"line":26,"column":5}},"10":{"start":{"line":21,"column":3},"end":{"line":24,"column":null}},"11":{"start":{"line":22,"column":4},"end":{"line":22,"column":16}},"12":{"start":{"line":23,"column":4},"end":{"line":23,"column":11}},"13":{"start":{"line":25,"column":3},"end":{"line":25,"column":30}},"14":{"start":{"line":18,"column":0},"end":{"line":18,"column":16}}},"fnMap":{"0":{"name":"(anonymous_1)","decl":{"start":{"line":10,"column":9},"end":{"line":10,"column":10}},"loc":{"start":{"line":10,"column":14},"end":{"line":10,"column":null}}},"1":{"name":"(anonymous_2)","decl":{"start":{"line":11,"column":11},"end":{"line":11,"column":12}},"loc":{"start":{"line":11,"column":49},"end":{"line":16,"column":2}}},"2":{"name":"userFormidablePromise","decl":{"start":{"line":18,"column":16},"end":{"line":18,"column":37}},"loc":{"start":{"line":18,"column":58},"end":{"line":28,"column":1}}},"3":{"name":"(anonymous_4)","decl":{"start":{"line":19,"column":25},"end":{"line":19,"column":26}},"loc":{"start":{"line":19,"column":41},"end":{"line":27,"column":2}}},"4":{"name":"(anonymous_5)","decl":{"start":{"line":20,"column":22},"end":{"line":20,"column":23}},"loc":{"start":{"line":20,"column":41},"end":{"line":26,"column":3}}}},"branchMap":{"0":{"loc":{"start":{"line":10,"column":19},"end":{"line":10,"column":63}},"type":"binary-expr","locations":[{"start":{"line":10,"column":19},"end":{"line":10,"column":54}},{"start":{"line":10,"column":58},"end":{"line":10,"column":63}}]},"1":{"loc":{"start":{"line":10,"column":19},"end":{"line":10,"column":54}},"type":"cond-expr","locations":[{"start":{"line":10,"column":32},"end":{"line":10,"column":34}},{"start":{"line":10,"column":32},"end":{"line":10,"column":54}}]},"2":{"loc":{"start":{"line":10,"column":19},"end":{"line":10,"column":34}},"type":"binary-expr","locations":[{"start":{"line":10,"column":19},"end":{"line":10,"column":34}},{"start":{"line":10,"column":32},"end":{"line":10,"column":34}}]},"3":{"loc":{"start":{"line":12,"column":18},"end":{"line":12,"column":63}},"type":"cond-expr","locations":[{"start":{"line":12,"column":27},"end":{"line":12,"column":29}},{"start":{"line":12,"column":27},"end":{"line":12,"column":63}}]},"4":{"loc":{"start":{"line":12,"column":18},"end":{"line":12,"column":29}},"type":"binary-expr","locations":[{"start":{"line":12,"column":18},"end":{"line":12,"column":29}},{"start":{"line":12,"column":27},"end":{"line":12,"column":29}}]},"5":{"loc":{"start":{"line":14,"column":12},"end":{"line":14,"column":43}},"type":"cond-expr","locations":[{"start":{"line":14,"column":25},"end":{"line":14,"column":27}},{"start":{"line":14,"column":25},"end":{"line":14,"column":43}}]},"6":{"loc":{"start":{"line":14,"column":12},"end":{"line":14,"column":27}},"type":"binary-expr","locations":[{"start":{"line":14,"column":12},"end":{"line":14,"column":27}},{"start":{"line":14,"column":25},"end":{"line":14,"column":27}}]},"7":{"loc":{"start":{"line":21,"column":3},"end":{"line":24,"column":null}},"type":"if","locations":[{"start":{"line":21,"column":3},"end":{"line":24,"column":null}}]}},"s":{"0":1,"1":1,"2":1,"3":0,"4":0,"5":0,"6":0,"7":0,"8":0,"9":0,"10":0,"11":0,"12":0,"13":0,"14":1},"f":{"0":0,"1":0,"2":0,"3":0,"4":0},"b":{"0":[0,0],"1":[0,0],"2":[0,0],"3":[0,0],"4":[0,0],"5":[0,0],"6":[0,0],"7":[0]}}
,"C:\\Users\\leo19\\Documents\\tecky-project2\\Tecky-project-3\\util\\logger.ts": {"path":"C:\\Users\\leo19\\Documents\\tecky-project2\\Tecky-project-3\\util\\logger.ts","statementMap":{"0":{"start":{"line":1,"column":0},"end":{"line":1,"column":30}},"1":{"start":{"line":3,"column":18},"end":{"line":6,"column":2}},"2":{"start":{"line":4,"column":13},"end":{"line":4,"column":37}},"3":{"start":{"line":5,"column":2},"end":{"line":5,"column":53}},"4":{"start":{"line":8,"column":13},"end":{"line":12,"column":3}}},"fnMap":{"0":{"name":"(anonymous_1)","decl":{"start":{"line":3,"column":40},"end":{"line":3,"column":50}},"loc":{"start":{"line":3,"column":54},"end":{"line":6,"column":1}}}},"branchMap":{},"s":{"0":1,"1":1,"2":0,"3":0,"4":1},"f":{"0":0},"b":{}}
}
