TN:
SF:Controller\userController.ts
FN:14,(anonymous_14)
FN:15,UserController
FN:17,(anonymous_16)
FN:17,(anonymous_17)
FN:30,(anonymous_19)
FN:30,(anonymous_20)
FN:40,(anonymous_22)
FN:40,(anonymous_23)
FN:83,(anonymous_25)
FN:83,(anonymous_26)
FN:114,(anonymous_28)
FN:114,(anonymous_29)
FN:138,(anonymous_31)
FN:138,(anonymous_32)
FN:150,(anonymous_34)
FN:150,(anonymous_35)
FNF:16
FNH:4
FNDA:1,(anonymous_14)
FNDA:1,UserController
FNDA:1,(anonymous_16)
FNDA:1,(anonymous_17)
FNDA:0,(anonymous_19)
FNDA:0,(anonymous_20)
FNDA:0,(anonymous_22)
FNDA:0,(anonymous_23)
FNDA:0,(anonymous_25)
FNDA:0,(anonymous_26)
FNDA:0,(anonymous_28)
FNDA:0,(anonymous_29)
FNDA:0,(anonymous_31)
FNDA:0,(anonymous_32)
FNDA:0,(anonymous_34)
FNDA:0,(anonymous_35)
DA:3,1
DA:4,1
DA:5,1
DA:6,1
DA:14,1
DA:15,1
DA:17,1
DA:18,1
DA:19,0
DA:22,0
DA:24,0
DA:30,1
DA:31,0
DA:32,0
DA:35,0
DA:37,0
DA:38,0
DA:40,1
DA:42,0
DA:43,0
DA:44,0
DA:47,0
DA:49,0
DA:50,0
DA:51,0
DA:52,0
DA:53,0
DA:56,0
DA:58,0
DA:59,0
DA:60,0
DA:63,0
DA:66,0
DA:68,0
DA:69,0
DA:70,0
DA:71,0
DA:72,0
DA:76,0
DA:77,0
DA:83,1
DA:85,0
DA:86,0
DA:87,0
DA:88,0
DA:91,0
DA:93,0
DA:94,0
DA:95,0
DA:96,0
DA:99,0
DA:101,0
DA:102,0
DA:103,0
DA:108,0
DA:109,0
DA:114,1
DA:115,0
DA:116,0
DA:122,0
DA:123,0
DA:124,0
DA:125,0
DA:126,0
DA:127,0
DA:128,0
DA:129,0
DA:130,0
DA:132,0
DA:133,0
DA:134,0
DA:136,0
DA:138,1
DA:139,0
DA:140,0
DA:143,0
DA:145,0
DA:146,0
DA:150,1
DA:151,0
DA:152,0
DA:153,0
DA:154,0
DA:157,0
DA:159,0
DA:160,0
DA:161,0
DA:163,0
DA:164,0
DA:165,0
DA:168,0
DA:170,0
DA:171,0
DA:175,1
LF:94
LH:15
BRDA:18,0,0,0
BRDA:31,1,0,0
BRDA:43,2,0,0
BRDA:43,3,0,0
BRDA:43,3,1,0
BRDA:52,4,0,0
BRDA:59,5,0,0
BRDA:66,6,0,0
BRDA:66,6,1,0
BRDA:87,7,0,0
BRDA:95,8,0,0
BRDA:115,9,0,0
BRDA:115,9,1,0
BRDA:115,10,0,0
BRDA:115,10,1,0
BRDA:130,11,0,0
BRDA:139,12,0,0
BRDA:153,13,0,0
BRDA:164,14,0,0
BRF:19
BRH:0
end_of_record
TN:
SF:Service\userService.ts
FN:4,(anonymous_13)
FN:5,UserService
FN:7,(anonymous_15)
FN:12,(anonymous_18)
FN:17,(anonymous_21)
FN:27,(anonymous_24)
FNF:6
FNH:2
FNDA:1,(anonymous_13)
FNDA:1,UserService
FNDA:0,(anonymous_15)
FNDA:0,(anonymous_18)
FNDA:0,(anonymous_21)
FNDA:0,(anonymous_24)
DA:4,1
DA:5,1
DA:7,1
DA:8,0
DA:9,0
DA:12,1
DA:13,0
DA:14,0
DA:17,1
DA:18,0
DA:25,0
DA:27,1
DA:28,0
DA:30,1
LF:14
LH:7
BRDA:8,0,0,0
BRDA:13,1,0,0
BRDA:18,2,0,0
BRDA:28,3,0,0
BRF:4
BRH:0
end_of_record
TN:
SF:util\bcrypt.ts
FN:5,hashPassword
FN:10,checkPassword
FNF:2
FNH:0
FNDA:0,hashPassword
FNDA:0,checkPassword
DA:1,1
DA:3,1
DA:5,1
DA:6,0
DA:7,0
DA:10,1
DA:14,0
DA:18,0
LF:8
LH:4
BRDA:6,0,0,0
BRDA:14,1,0,0
BRF:2
BRH:0
end_of_record
TN:
SF:util\formidable.ts
FN:10,(anonymous_1)
FN:11,(anonymous_2)
FN:18,userFormidablePromise
FN:19,(anonymous_4)
FN:20,(anonymous_5)
FNF:5
FNH:0
FNDA:0,(anonymous_1)
FNDA:0,(anonymous_2)
FNDA:0,userFormidablePromise
FNDA:0,(anonymous_4)
FNDA:0,(anonymous_5)
DA:2,1
DA:3,1
DA:5,1
DA:10,0
DA:12,0
DA:13,0
DA:14,0
DA:15,0
DA:18,1
DA:19,0
DA:20,0
DA:21,0
DA:22,0
DA:23,0
DA:25,0
LF:15
LH:4
BRDA:10,0,0,0
BRDA:10,0,1,0
BRDA:10,1,0,0
BRDA:10,1,1,0
BRDA:10,2,0,0
BRDA:10,2,1,0
BRDA:12,3,0,0
BRDA:12,3,1,0
BRDA:12,4,0,0
BRDA:12,4,1,0
BRDA:14,5,0,0
BRDA:14,5,1,0
BRDA:14,6,0,0
BRDA:14,6,1,0
BRDA:21,7,0,0
BRF:15
BRH:0
end_of_record
TN:
SF:util\logger.ts
FN:3,(anonymous_1)
FNF:1
FNH:0
FNDA:0,(anonymous_1)
DA:1,1
DA:3,1
DA:4,0
DA:5,0
DA:8,1
LF:5
LH:3
BRF:0
BRH:0
end_of_record
